********************************************************************************
   General Structure Analysis System-II Crystal Structure Refinement
              by Robert B. Von Dreele & Brian H. Toby
                Argonne National Laboratory(C), 2010
 This product includes software developed by the UChicago Argonne, LLC,
            as Operator of Argonne National Laboratory.
                          Please cite:
   B.H. Toby & R.B. Von Dreele, J. Appl. Cryst. 46, 544-549 (2013)
********************************************************************************
 Least squares controls:
 Refinement type: analytic Hessian
 Maximum number of cycles: 1
 Regularize hydrogens (if any): False
 Initial shift factor: 1.000

 Phases:

 Phase name: Ce O2
=======================================================================================================================================

 X-ray scattering factors:
   Symbol     fa                                      fb                                      fc
---------------------------------------------------------------------------------------------------
 Ce+4      20.32350  19.81860  12.12330   0.14458   2.65941   0.21885  15.79920  62.23550   1.59180
 O-2        3.76936   2.53342   1.91579   1.55094  15.07970   6.30430  40.34450   0.31291   0.22789

 Electron scattering factors:
   Symbol     fa                                                fb
---------------------------------------------------------------------------------------------------
 Ce         0.22270   1.07600   2.94820   5.84960   7.18340   0.05710   0.59460   3.20220  16.42530  95.70300
 O          0.03650   0.17290   0.58050   0.88140   0.31210   0.06520   0.61840   2.94490   9.62980  28.21940

 Neutron scattering factors:
   Symbol   isotope       mass       b       resonant terms
---------------------------------------------------------------------------------------------------
 Ce+4    Nat. Abund.    140.120    0.484
 O-2     Nat. Abund.     15.999    0.580

 Space Group: F m -3 m
 The lattice is centrosymmetric F-centered cubic
 The Laue symmetry is m3m
 The lattice point group is m3m
 Multiplicity of a general site is 192
 The inversion center is located at 0,0,0
 
 The equivalent positions are:

 (0,0,0; 0,1/2,1/2; 1/2,0,1/2; 1/2,1/2,0)+

 ( 1)     X,     Y,     Z 
 ( 2)     Z,     X,     Y 
 ( 3)     Y,     Z,     X 
 ( 4)     X,     Y,    -Z 
 ( 5)    -Z,     X,     Y 
 ( 6)     Y,    -Z,     X 
 ( 7)    -Z,     X,    -Y 
 ( 8)    -Y,    -Z,     X 
 ( 9)     Y,    -Z,    -X 
 (10)    -X,     Y,    -Z 
 (11)    -Z,    -X,     Y 
 (12)     X,    -Y,    -Z 
 (13)     Y,     X,     Z 
 (14)     Z,     Y,     X 
 (15)     X,     Z,     Y 
 (16)     Y,     X,    -Z 
 (17)    -Z,     Y,     X 
 (18)     X,    -Z,     Y 
 (19)    -Z,     Y,    -X 
 (20)    -X,    -Z,     Y 
 (21)     X,    -Z,    -Y 
 (22)    -Y,     X,    -Z 
 (23)    -Z,    -Y,     X 
 (24)     Y,    -X,    -Z 

 Atoms:
   name    type  refine?   x         y         z      frac site sym  mult I/A   Uiso     U11     U22     U33     U12     U13     U23
---------------------------------------------------------------------------------------------------------------------------------------
    Ce1   Ce+4          0.00000   0.00000   0.00000   1.000    m3m    4    I 0.00127                                                
     O1    O-2          0.25000   0.25000   0.25000   1.000   -43m    8    I 0.02533                                                

 Unit cell: a = 5.41191 b = 5.41191 c = 5.41191 alpha = 90.000 beta = 90.000 gamma = 90.000 volume = 158.508 Refine? False

 Phase name: cod-9001681
=======================================================================================================================================

 X-ray scattering factors:
   Symbol     fa                                      fb                                      fc
---------------------------------------------------------------------------------------------------
 Ti         9.75950   7.35580   1.69910   1.90210   7.85080   0.50000  35.63380 116.10500   1.28070
 O          3.04850   2.28680   1.54630   0.86700  13.27710   5.70110   0.32390  32.90890   0.25080

 Electron scattering factors:
   Symbol     fa                                                fb
---------------------------------------------------------------------------------------------------
 Ti         0.21230   0.89600   2.17650   3.04360   2.44390   0.13990   1.45680   6.75340  33.11680 101.82380
 O          0.03650   0.17290   0.58050   0.88140   0.31210   0.06520   0.61840   2.94490   9.62980  28.21940

 Neutron scattering factors:
   Symbol   isotope       mass       b       resonant terms
---------------------------------------------------------------------------------------------------
 Ti      Nat. Abund.     47.900   -0.337
 O       Nat. Abund.     15.999    0.580

 Space Group: P 42/m n m
 The lattice is centrosymmetric primitive tetragonal
 The Laue symmetry is 4/mmm
 The lattice point group is 4/mmm
 Multiplicity of a general site is 16
 The inversion center is located at 0,0,0
 
 The equivalent positions are:

 ( 1)     X,     Y,     Z 
 ( 2) 1/2-Y, 1/2+X, 1/2+Z 
 ( 3)    -X,    -Y,     Z 
 ( 4) 1/2+Y, 1/2-X, 1/2+Z 
 ( 5) 1/2-X, 1/2+Y, 1/2+Z 
 ( 6)    -Y,    -X,     Z 
 ( 7) 1/2+X, 1/2-Y, 1/2+Z 
 ( 8)     Y,     X,     Z 

 Atoms:
   name    type  refine?   x         y         z      frac site sym  mult I/A   Uiso     U11     U22     U33     U12     U13     U23
---------------------------------------------------------------------------------------------------------------------------------------
    Ti0     Ti          0.00000   0.00000   0.00000   0.992 mmm(z)    2    I 0.01000                                                
     O1      O          0.19504   0.80496   0.50000   1.000mm2(+-0)    4    I 0.01000                                                

 Unit cell: a = 4.59220 b = 4.59220 c = 2.95740 alpha = 90.000 beta = 90.000 gamma = 90.000 volume = 62.367 Refine? False

 Phase name: mp-46
=======================================================================================================================================

 X-ray scattering factors:
   Symbol     fa                                      fb                                      fc
---------------------------------------------------------------------------------------------------
 Ti         9.75950   7.35580   1.69910   1.90210   7.85080   0.50000  35.63380 116.10500   1.28070

 Electron scattering factors:
   Symbol     fa                                                fb
---------------------------------------------------------------------------------------------------
 Ti         0.21230   0.89600   2.17650   3.04360   2.44390   0.13990   1.45680   6.75340  33.11680 101.82380

 Neutron scattering factors:
   Symbol   isotope       mass       b       resonant terms
---------------------------------------------------------------------------------------------------
 Ti      Nat. Abund.     47.900   -0.337

 Space Group: P 63/m m c
 The lattice is centrosymmetric primitive hexagonal
 The Laue symmetry is 6/mmm
 The lattice point group is 6/mmm
 Multiplicity of a general site is 24
 The inversion center is located at 0,0,0
 
 The equivalent positions are:

 ( 1)     X,     Y,     Z 
 ( 2)   X-Y,     X, 1/2+Z 
 ( 3)    -Y,   X-Y,     Z 
 ( 4)    -X,    -Y, 1/2+Z 
 ( 5)   Y-X,    -X,     Z 
 ( 6)     Y,   Y-X, 1/2+Z 
 ( 7)   Y-X,     Y,     Z 
 ( 8)    -X,   Y-X, 1/2+Z 
 ( 9)    -Y,    -X,     Z 
 (10)   X-Y,    -Y, 1/2+Z 
 (11)     X,   X-Y,     Z 
 (12)     Y,     X, 1/2+Z 

 Atoms:
   name    type  refine?   x         y         z      frac site sym  mult I/A   Uiso     U11     U22     U33     U12     U13     U23
---------------------------------------------------------------------------------------------------------------------------------------
    Ti0     Ti          0.33333   0.66667   0.25000   1.000-6m2(100)    2    I 0.01000                                                

 Unit cell: a = 2.86753 b = 2.86753 c = 4.52931 alpha = 90.000 beta = 90.000 gamma = 120.000 volume = 32.254 Refine? False

 Phase name: mp-19399
=======================================================================================================================================

 X-ray scattering factors:
   Symbol     fa                                      fb                                      fc
---------------------------------------------------------------------------------------------------
 Cr        10.64060   7.35370   3.32400   1.49220   6.10380   0.39200  20.26260  98.73990   1.18320
 O          3.04850   2.28680   1.54630   0.86700  13.27710   5.70110   0.32390  32.90890   0.25080

 Electron scattering factors:
   Symbol     fa                                                fb
---------------------------------------------------------------------------------------------------
 Cr         0.19700   0.82280   2.02000   2.17170   1.75160   0.11970   1.19850   5.40970  25.23610  94.42900
 O          0.03650   0.17290   0.58050   0.88140   0.31210   0.06520   0.61840   2.94490   9.62980  28.21940

 Neutron scattering factors:
   Symbol   isotope       mass       b       resonant terms
---------------------------------------------------------------------------------------------------
 Cr      Nat. Abund.     51.996    0.363
 O       Nat. Abund.     15.999    0.580

 Space Group: R -3 c
 The lattice is centrosymmetric R-centered trigonal
 The Laue symmetry is 3m1
 The lattice point group is -3m
 Multiplicity of a general site is 36
 The inversion center is located at 0,0,0
 
 The equivalent positions are:

 (0,0,0; 2/3,1/3,1/3; 1/3,2/3,2/3)+

 ( 1)     X,     Y,     Z 
 ( 2)    -Y,   X-Y,     Z 
 ( 3)   Y-X,    -X,     Z 
 ( 4)   Y-X,     Y, 1/2+Z 
 ( 5)    -Y,    -X, 1/2+Z 
 ( 6)     X,   X-Y, 1/2+Z 

 Atoms:
   name    type  refine?   x         y         z      frac site sym  mult I/A   Uiso     U11     U22     U33     U12     U13     U23
---------------------------------------------------------------------------------------------------------------------------------------
    Cr0     Cr          0.00000   0.00000   0.15014   1.000      3   12    I 0.01000                                                
     O1      O          0.00000   0.30169   0.75000   1.000 2(010)   18    I 0.01000                                                

 Unit cell: a = 4.96833 b = 4.96833 c = 13.65654 alpha = 90.000 beta = 90.000 gamma = 120.000 volume = 291.939 Refine? False

 Phase: Ce O2 in histogram: PWDR PG3_40978.gsa Bank 1
=======================================================================================================================================
 Phase fraction  :     0.9868 Refine? False
 Extinction coeff:     0.0000 Refine? False
 March-Dollase PO:     1.0000 Refine? False Axis: 0 0 1

 Size model    : isotropic equatorial:       1.000 Refine? False
	 LG mixing coeff.:       1.0000 Refine? False

 Mustrain model: isotropic equatorial:      1000.0 Refine? False
	 LG mixing coeff.:      1.0000 Refine? False

 Hydrostatic/elastic strain:
 names :         D11          eA
 values:           0           0
 refine:       False       False

 Phase: cod-9001681 in histogram: PWDR PG3_40978.gsa Bank 1
=======================================================================================================================================
 Phase fraction  :      1.965 Refine? True
 Extinction coeff:     0.0000 Refine? False
 March-Dollase PO:     1.0000 Refine? False Axis: 0 0 1

 Size model    : isotropic equatorial:       1.000 Refine? False
	 LG mixing coeff.:       1.0000 Refine? False

 Mustrain model: isotropic equatorial:      1000.0 Refine? False
	 LG mixing coeff.:      1.0000 Refine? False

 Hydrostatic/elastic strain:
 names :         D11         D33
 values:           0           0
 refine:       False       False

 Phase: mp-46 in histogram: PWDR PG3_40978.gsa Bank 1
=======================================================================================================================================
 Phase fraction  :      7.297 Refine? True
 Extinction coeff:     0.0000 Refine? False
 March-Dollase PO:     1.0000 Refine? False Axis: 0 0 1

 Size model    : isotropic equatorial:       1.000 Refine? False
	 LG mixing coeff.:       1.0000 Refine? False

 Mustrain model: isotropic equatorial:      1000.0 Refine? False
	 LG mixing coeff.:      1.0000 Refine? False

 Hydrostatic/elastic strain:
 names :         D11         D33
 values:           0           0
 refine:       False       False

 Phase: mp-19399 in histogram: PWDR PG3_40978.gsa Bank 1
=======================================================================================================================================
 Phase fraction  :       0.01 Refine? True
 Extinction coeff:     0.0000 Refine? False
 March-Dollase PO:     1.0000 Refine? False Axis: 0 0 1

 Size model    : isotropic equatorial:       1.000 Refine? False
	 LG mixing coeff.:       1.0000 Refine? False

 Mustrain model: isotropic equatorial:      1000.0 Refine? False
	 LG mixing coeff.:      1.0000 Refine? False

 Hydrostatic/elastic strain:
 names :         D11         D33
 values:           0           0
 refine:       False       False

 Histogram: PWDR PG3_40978.gsa Bank 1 histogram Id: 0
=======================================================================================================================================
 Instrument type: Debye-Scherrer
 Histogram limits: 26646.28 msec to 197180.15 msec

 Sample Parameters:
 Goniometer omega = 0.00, chi = 0.00, phi = 0.00
 name  :         Scale    Absorption     DisplaceX     DisplaceY
 value :    13353.3376        0.0000        0.0000        0.0000
 refine:         False         False         False         False

 Instrument Parameters:
 name  :     2-theta     Azimuth           X           Y           Z        Zero       alpha      beta-0      beta-1
 value :   90.000000    0.000000   10.229902   12.705273   -9.010000   -2.642852    0.121635    0.104301    0.002046
 refine:       False                   False       False       False       False       False       False       False

 name  :      beta-q        difA        difB        difC     fltPath       sig-0       sig-1       sig-2       sig-q
 value :    0.000000    5.570264    0.64582122576.224320   63.183000  -53.049574 -691.173346  573.794482  381.916840
 refine:       False       False       False       False                   False       False       False       False

 Background function: log interpolate Refine? True
 Coefficients:     65.492    64.441    58.428    43.792    44.166    54.863    72.253    57.674
 Fixed background file: ; mult: 1.000  Refine? False

 Refinement results:
---------------------------------------------------------------------------------------------------------------------------------------
 Number of function calls: 3 No. of observations: 2503 No. of parameters: 11 User rejected: 0 Sp. gp. extinct: 0
 Refinement time =    0.132s,    0.066s/cycle, for 2 cycles
 wR =   21.06%, chi**2 =       389844, GOF =  12.51

 Phases:
 Result for phase: Ce O2
=======================================================================================================================================

 Atoms:
   name      x         y         z      frac   Uiso     U11     U22     U33     U12     U13     U23
---------------------------------------------------------------------------------------------------------------------------------------
    Ce1   Ce+4:
 values:   0.00000   0.00000   0.00000   1.000 0.00127
 sig   :                                               
     O1    O-2:
 values:   0.25000   0.25000   0.25000   1.000 0.02533
 sig   :                                               

 Density: 7.2125 g/cm**3
 Result for phase: cod-9001681
=======================================================================================================================================

 Atoms:
   name      x         y         z      frac   Uiso     U11     U22     U33     U12     U13     U23
---------------------------------------------------------------------------------------------------------------------------------------
    Ti0     Ti:
 values:   0.00000   0.00000   0.00000   0.992 0.01000
 sig   :                                               
     O1      O:
 values:   0.19504   0.80496   0.50000   1.000 0.01000
 sig   :                                               

 Density: 4.2342 g/cm**3
 Result for phase: mp-46
=======================================================================================================================================

 Atoms:
   name      x         y         z      frac   Uiso     U11     U22     U33     U12     U13     U23
---------------------------------------------------------------------------------------------------------------------------------------
    Ti0     Ti:
 values:   0.33333   0.66667   0.25000   1.000 0.01000
 sig   :                                               

 Density: 4.9321 g/cm**3
 Result for phase: mp-19399
=======================================================================================================================================

 Atoms:
   name      x         y         z      frac   Uiso     U11     U22     U33     U12     U13     U23
---------------------------------------------------------------------------------------------------------------------------------------
    Cr0     Cr:
 values:   0.00000   0.00000   0.15014   1.000 0.01000
 sig   :                                               
     O1      O:
 values:   0.00000   0.30169   0.75000   1.000 0.01000
 sig   :                                               

 Density: 5.1871 g/cm**3

 Phase: Ce O2 in histogram: PWDR PG3_40978.gsa Bank 1
=======================================================================================================================================
 Final refinement RF, RF^2 = 4.58%, 11.87% on 8 reflections
 Durbin-Watson statistic = 0.120
 Bragg intensity sum = 7.14e+05
 Phase fraction  :    0.98682, sig          0 Weight fraction  :  0.41213, sig    0.00422

 Phase: cod-9001681 in histogram: PWDR PG3_40978.gsa Bank 1
=======================================================================================================================================
 Final refinement RF, RF^2 = 14.06%, 39.98% on 16 reflections
 Durbin-Watson statistic = 0.120
 Bragg intensity sum = 6.38e+05
 Phase fraction  :     1.6146, sig   0.031109 Weight fraction  :  0.15576, sig    0.00333

 Phase: mp-46 in histogram: PWDR PG3_40978.gsa Bank 1
=======================================================================================================================================
 Final refinement RF, RF^2 = 13.20%, 28.06% on 9 reflections
 Durbin-Watson statistic = 0.120
 Bragg intensity sum = 3.24e+05
 Phase fraction  :     6.3098, sig    0.20928 Weight fraction  :  0.36668, sig    0.00878

 Phase: mp-19399 in histogram: PWDR PG3_40978.gsa Bank 1
=======================================================================================================================================
 Final refinement RF, RF^2 = 18.61%, 30.91% on 23 reflections
 Durbin-Watson statistic = 0.120
 Bragg intensity sum = 1.85e+05
 Phase fraction  :    0.11827, sig   0.006627 Weight fraction  :  0.06543, sig    0.00394

 Histogram: PWDR PG3_40978.gsa Bank 1 histogram Id: 0
=======================================================================================================================================
 PWDR histogram weight factor = 1.000
 Final refinement wR = 21.06% on 2503 observations in this histogram
 Other residuals: R = 11.88%, R-bkg = 20.66%, wR-bkg = 21.06% wRmin = 1.69%
 Instrument type: Debye-Scherrer

 Background function: log interpolate
 value :       41.2     45.87     44.81     57.78      65.9      66.3     70.34     59.09
 sig   :     0.8983    0.7484    0.9987     1.153       1.4     1.801     3.397      5.26
 Background sums: empirical 1.43e+05, Debye 0, peaks 0, Total 1.43e+05
